[2023-09-02T14:10:14.498Z] [31merror[39m: uncaughtException: Oups
Error: Oups
    at Object.<anonymous> (C:\Users\antho\Documents\DEV\Firstry\Backend\index.js:12:7)
    at Module._compile (node:internal/modules/cjs/loader:1254:14)
    at Module._extensions..js (node:internal/modules/cjs/loader:1308:10)
    at Module.load (node:internal/modules/cjs/loader:1117:32)
    at Module._load (node:internal/modules/cjs/loader:958:12)
    at Function.executeUserEntryPoint [as runMain] (node:internal/modules/run_main:81:12)
    at node:internal/main/run_main_module:23:47
[2023-09-02T14:17:41.416Z] [31merror[39m: uncaughtException: Cannot create property 'Symbol(level)' on string 'Server is on port 3000!'
TypeError: Cannot create property 'Symbol(level)' on string 'Server is on port 3000!'
    at DerivedLogger.log (C:\Users\antho\Documents\DEV\Firstry\Backend\node_modules\winston\lib\winston\logger.js:214:20)
    at Server.<anonymous> (C:\Users\antho\Documents\DEV\Firstry\Backend\index.js:14:35)
    at Object.onceWrapper (node:events:627:28)
    at Server.emit (node:events:513:28)
    at emitListeningNT (node:net:1774:10)
    at process.processTicksAndRejections (node:internal/process/task_queues:81:21)
[2023-09-02T14:17:41.418Z] [31merror[39m: uncaughtException: Cannot create property 'Symbol(level)' on string 'Server is on port 3000!'
TypeError: Cannot create property 'Symbol(level)' on string 'Server is on port 3000!'
    at DerivedLogger.log (C:\Users\antho\Documents\DEV\Firstry\Backend\node_modules\winston\lib\winston\logger.js:214:20)
    at Server.<anonymous> (C:\Users\antho\Documents\DEV\Firstry\Backend\index.js:14:35)
    at Object.onceWrapper (node:events:627:28)
    at Server.emit (node:events:513:28)
    at emitListeningNT (node:net:1774:10)
    at process.processTicksAndRejections (node:internal/process/task_queues:81:21)
[2023-09-02T14:17:41.416Z] [31merror[39m: uncaughtException: Cannot create property 'Symbol(level)' on string 'Server is on port 3000!'
TypeError: Cannot create property 'Symbol(level)' on string 'Server is on port 3000!'
    at DerivedLogger.log (C:\Users\antho\Documents\DEV\Firstry\Backend\node_modules\winston\lib\winston\logger.js:214:20)
    at Server.<anonymous> (C:\Users\antho\Documents\DEV\Firstry\Backend\index.js:14:35)
    at Object.onceWrapper (node:events:627:28)
    at Server.emit (node:events:513:28)
    at emitListeningNT (node:net:1774:10)
    at process.processTicksAndRejections (node:internal/process/task_queues:81:21)
[2023-09-02T14:17:41.418Z] [31merror[39m: uncaughtException: Cannot create property 'Symbol(level)' on string 'Server is on port 3000!'
TypeError: Cannot create property 'Symbol(level)' on string 'Server is on port 3000!'
    at DerivedLogger.log (C:\Users\antho\Documents\DEV\Firstry\Backend\node_modules\winston\lib\winston\logger.js:214:20)
    at Server.<anonymous> (C:\Users\antho\Documents\DEV\Firstry\Backend\index.js:14:35)
    at Object.onceWrapper (node:events:627:28)
    at Server.emit (node:events:513:28)
    at emitListeningNT (node:net:1774:10)
    at process.processTicksAndRejections (node:internal/process/task_queues:81:21)
[2023-09-02T14:17:47.133Z] [31merror[39m: uncaughtException: Cannot create property 'Symbol(level)' on string 'Server is on port 3000!'
TypeError: Cannot create property 'Symbol(level)' on string 'Server is on port 3000!'
    at DerivedLogger.log (C:\Users\antho\Documents\DEV\Firstry\Backend\node_modules\winston\lib\winston\logger.js:214:20)
    at Server.<anonymous> (C:\Users\antho\Documents\DEV\Firstry\Backend\index.js:14:35)
    at Object.onceWrapper (node:events:627:28)
    at Server.emit (node:events:513:28)
    at emitListeningNT (node:net:1774:10)
    at process.processTicksAndRejections (node:internal/process/task_queues:81:21)
[2023-09-02T14:17:47.133Z] [31merror[39m: uncaughtException: Cannot create property 'Symbol(level)' on string 'Server is on port 3000!'
TypeError: Cannot create property 'Symbol(level)' on string 'Server is on port 3000!'
    at DerivedLogger.log (C:\Users\antho\Documents\DEV\Firstry\Backend\node_modules\winston\lib\winston\logger.js:214:20)
    at Server.<anonymous> (C:\Users\antho\Documents\DEV\Firstry\Backend\index.js:14:35)
    at Object.onceWrapper (node:events:627:28)
    at Server.emit (node:events:513:28)
    at emitListeningNT (node:net:1774:10)
    at process.processTicksAndRejections (node:internal/process/task_queues:81:21)
[2023-09-02T14:17:47.135Z] [31merror[39m: uncaughtException: Cannot create property 'Symbol(level)' on string 'Server is on port 3000!'
TypeError: Cannot create property 'Symbol(level)' on string 'Server is on port 3000!'
    at DerivedLogger.log (C:\Users\antho\Documents\DEV\Firstry\Backend\node_modules\winston\lib\winston\logger.js:214:20)
    at Server.<anonymous> (C:\Users\antho\Documents\DEV\Firstry\Backend\index.js:14:35)
    at Object.onceWrapper (node:events:627:28)
    at Server.emit (node:events:513:28)
    at emitListeningNT (node:net:1774:10)
    at process.processTicksAndRejections (node:internal/process/task_queues:81:21)
[2023-09-02T14:17:47.135Z] [31merror[39m: uncaughtException: Cannot create property 'Symbol(level)' on string 'Server is on port 3000!'
TypeError: Cannot create property 'Symbol(level)' on string 'Server is on port 3000!'
    at DerivedLogger.log (C:\Users\antho\Documents\DEV\Firstry\Backend\node_modules\winston\lib\winston\logger.js:214:20)
    at Server.<anonymous> (C:\Users\antho\Documents\DEV\Firstry\Backend\index.js:14:35)
    at Object.onceWrapper (node:events:627:28)
    at Server.emit (node:events:513:28)
    at emitListeningNT (node:net:1774:10)
    at process.processTicksAndRejections (node:internal/process/task_queues:81:21)
[2023-09-02T14:18:23.871Z] [31merror[39m: uncaughtException: Cannot create property 'Symbol(level)' on string 'Server is on port 3000!'
TypeError: Cannot create property 'Symbol(level)' on string 'Server is on port 3000!'
    at DerivedLogger.log (C:\Users\antho\Documents\DEV\Firstry\Backend\node_modules\winston\lib\winston\logger.js:214:20)
    at Server.<anonymous> (C:\Users\antho\Documents\DEV\Firstry\Backend\index.js:14:35)
    at Object.onceWrapper (node:events:627:28)
    at Server.emit (node:events:513:28)
    at emitListeningNT (node:net:1774:10)
    at process.processTicksAndRejections (node:internal/process/task_queues:81:21)
[2023-09-02T14:18:23.871Z] [31merror[39m: uncaughtException: Cannot create property 'Symbol(level)' on string 'Server is on port 3000!'
TypeError: Cannot create property 'Symbol(level)' on string 'Server is on port 3000!'
    at DerivedLogger.log (C:\Users\antho\Documents\DEV\Firstry\Backend\node_modules\winston\lib\winston\logger.js:214:20)
    at Server.<anonymous> (C:\Users\antho\Documents\DEV\Firstry\Backend\index.js:14:35)
    at Object.onceWrapper (node:events:627:28)
    at Server.emit (node:events:513:28)
    at emitListeningNT (node:net:1774:10)
    at process.processTicksAndRejections (node:internal/process/task_queues:81:21)
[2023-09-02T14:18:26.562Z] [31merror[39m: uncaughtException: Cannot create property 'Symbol(level)' on string 'Server is on port 3000!'
TypeError: Cannot create property 'Symbol(level)' on string 'Server is on port 3000!'
    at DerivedLogger.log (C:\Users\antho\Documents\DEV\Firstry\Backend\node_modules\winston\lib\winston\logger.js:214:20)
    at Server.<anonymous> (C:\Users\antho\Documents\DEV\Firstry\Backend\index.js:14:35)
    at Object.onceWrapper (node:events:627:28)
    at Server.emit (node:events:513:28)
    at emitListeningNT (node:net:1774:10)
    at process.processTicksAndRejections (node:internal/process/task_queues:81:21)
[2023-09-02T14:18:26.562Z] [31merror[39m: uncaughtException: Cannot create property 'Symbol(level)' on string 'Server is on port 3000!'
TypeError: Cannot create property 'Symbol(level)' on string 'Server is on port 3000!'
    at DerivedLogger.log (C:\Users\antho\Documents\DEV\Firstry\Backend\node_modules\winston\lib\winston\logger.js:214:20)
    at Server.<anonymous> (C:\Users\antho\Documents\DEV\Firstry\Backend\index.js:14:35)
    at Object.onceWrapper (node:events:627:28)
    at Server.emit (node:events:513:28)
    at emitListeningNT (node:net:1774:10)
    at process.processTicksAndRejections (node:internal/process/task_queues:81:21)
[2023-09-02T14:20:13.517Z] [31merror[39m: unhandledRejection: Cannot create property 'Symbol(level)' on string 'Connected to MongoDB'
TypeError: Cannot create property 'Symbol(level)' on string 'Connected to MongoDB'
    at DerivedLogger.log (C:\Users\antho\Documents\DEV\Firstry\Backend\node_modules\winston\lib\winston\logger.js:214:20)
    at C:\Users\antho\Documents\DEV\Firstry\Backend\config\db.js:9:28
    at process.processTicksAndRejections (node:internal/process/task_queues:95:5)
[2023-09-02T14:20:13.517Z] [31merror[39m: unhandledRejection: Cannot create property 'Symbol(level)' on string 'Connected to MongoDB'
TypeError: Cannot create property 'Symbol(level)' on string 'Connected to MongoDB'
    at DerivedLogger.log (C:\Users\antho\Documents\DEV\Firstry\Backend\node_modules\winston\lib\winston\logger.js:214:20)
    at C:\Users\antho\Documents\DEV\Firstry\Backend\config\db.js:9:28
    at process.processTicksAndRejections (node:internal/process/task_queues:95:5)
[2023-09-02T14:21:34.049Z] [31merror[39m: uncaughtException: Cannot create property 'Symbol(level)' on string 'Server is on port 3000!'
TypeError: Cannot create property 'Symbol(level)' on string 'Server is on port 3000!'
    at DerivedLogger.log (C:\Users\antho\Documents\DEV\Firstry\Backend\node_modules\winston\lib\winston\logger.js:214:20)
    at Server.<anonymous> (C:\Users\antho\Documents\DEV\Firstry\Backend\index.js:14:35)
    at Object.onceWrapper (node:events:627:28)
    at Server.emit (node:events:513:28)
    at emitListeningNT (node:net:1774:10)
    at process.processTicksAndRejections (node:internal/process/task_queues:81:21)
[2023-09-02T14:21:34.049Z] [31merror[39m: uncaughtException: Cannot create property 'Symbol(level)' on string 'Server is on port 3000!'
TypeError: Cannot create property 'Symbol(level)' on string 'Server is on port 3000!'
    at DerivedLogger.log (C:\Users\antho\Documents\DEV\Firstry\Backend\node_modules\winston\lib\winston\logger.js:214:20)
    at Server.<anonymous> (C:\Users\antho\Documents\DEV\Firstry\Backend\index.js:14:35)
    at Object.onceWrapper (node:events:627:28)
    at Server.emit (node:events:513:28)
    at emitListeningNT (node:net:1774:10)
    at process.processTicksAndRejections (node:internal/process/task_queues:81:21)
[2023-09-02T16:10:45.452Z] [31merror[39m: uncaughtException: logger is not defined
ReferenceError: logger is not defined
    at module.exports (C:\Users\antho\Documents\DEV\Firstry\Backend\routes\routes.js:24:11)
    at Object.<anonymous> (C:\Users\antho\Documents\DEV\Firstry\Backend\index.js:9:27)
    at Module._compile (node:internal/modules/cjs/loader:1254:14)
    at Module._extensions..js (node:internal/modules/cjs/loader:1308:10)
    at Module.load (node:internal/modules/cjs/loader:1117:32)
    at Module._load (node:internal/modules/cjs/loader:958:12)
    at Function.executeUserEntryPoint [as runMain] (node:internal/modules/run_main:81:12)
    at node:internal/main/run_main_module:23:47
[2023-09-02T16:10:45.452Z] [31merror[39m: uncaughtException: logger is not defined
ReferenceError: logger is not defined
    at module.exports (C:\Users\antho\Documents\DEV\Firstry\Backend\routes\routes.js:24:11)
    at Object.<anonymous> (C:\Users\antho\Documents\DEV\Firstry\Backend\index.js:9:27)
    at Module._compile (node:internal/modules/cjs/loader:1254:14)
    at Module._extensions..js (node:internal/modules/cjs/loader:1308:10)
    at Module.load (node:internal/modules/cjs/loader:1117:32)
    at Module._load (node:internal/modules/cjs/loader:958:12)
    at Function.executeUserEntryPoint [as runMain] (node:internal/modules/run_main:81:12)
    at node:internal/main/run_main_module:23:47
[2023-09-02T16:11:12.753Z] [31merror[39m: uncaughtException: Cannot read properties of undefined (reading 'body')
TypeError: Cannot read properties of undefined (reading 'body')
    at module.exports (C:\Users\antho\Documents\DEV\Firstry\Backend\middlewares\logger.js:4:46)
    at module.exports (C:\Users\antho\Documents\DEV\Firstry\Backend\routes\routes.js:15:11)
    at Object.<anonymous> (C:\Users\antho\Documents\DEV\Firstry\Backend\index.js:9:27)
    at Module._compile (node:internal/modules/cjs/loader:1254:14)
    at Module._extensions..js (node:internal/modules/cjs/loader:1308:10)
    at Module.load (node:internal/modules/cjs/loader:1117:32)
    at Module._load (node:internal/modules/cjs/loader:958:12)
    at Function.executeUserEntryPoint [as runMain] (node:internal/modules/run_main:81:12)
    at node:internal/main/run_main_module:23:47
[2023-09-02T16:11:12.753Z] [31merror[39m: uncaughtException: Cannot read properties of undefined (reading 'body')
TypeError: Cannot read properties of undefined (reading 'body')
    at module.exports (C:\Users\antho\Documents\DEV\Firstry\Backend\middlewares\logger.js:4:46)
    at module.exports (C:\Users\antho\Documents\DEV\Firstry\Backend\routes\routes.js:15:11)
    at Object.<anonymous> (C:\Users\antho\Documents\DEV\Firstry\Backend\index.js:9:27)
    at Module._compile (node:internal/modules/cjs/loader:1254:14)
    at Module._extensions..js (node:internal/modules/cjs/loader:1308:10)
    at Module.load (node:internal/modules/cjs/loader:1117:32)
    at Module._load (node:internal/modules/cjs/loader:958:12)
    at Function.executeUserEntryPoint [as runMain] (node:internal/modules/run_main:81:12)
    at node:internal/main/run_main_module:23:47
[2023-09-02T16:13:04.444Z] [31merror[39m: uncaughtException: Unexpected end of input
C:\Users\antho\Documents\DEV\Firstry\Backend\models\user.js:69



SyntaxError: Unexpected end of input
    at internalCompileFunction (node:internal/vm:73:18)
    at wrapSafe (node:internal/modules/cjs/loader:1176:20)
    at Module._compile (node:internal/modules/cjs/loader:1218:27)
    at Module._extensions..js (node:internal/modules/cjs/loader:1308:10)
    at Module.load (node:internal/modules/cjs/loader:1117:32)
    at Module._load (node:internal/modules/cjs/loader:958:12)
    at Module.require (node:internal/modules/cjs/loader:1141:19)
    at require (node:internal/modules/cjs/helpers:110:18)
    at Object.<anonymous> (C:\Users\antho\Documents\DEV\Firstry\Backend\controllers\users.js:2:28)
    at Module._compile (node:internal/modules/cjs/loader:1254:14)
[2023-09-02T16:13:04.444Z] [31merror[39m: uncaughtException: Unexpected end of input
C:\Users\antho\Documents\DEV\Firstry\Backend\models\user.js:69



SyntaxError: Unexpected end of input
    at internalCompileFunction (node:internal/vm:73:18)
    at wrapSafe (node:internal/modules/cjs/loader:1176:20)
    at Module._compile (node:internal/modules/cjs/loader:1218:27)
    at Module._extensions..js (node:internal/modules/cjs/loader:1308:10)
    at Module.load (node:internal/modules/cjs/loader:1117:32)
    at Module._load (node:internal/modules/cjs/loader:958:12)
    at Module.require (node:internal/modules/cjs/loader:1141:19)
    at require (node:internal/modules/cjs/helpers:110:18)
    at Object.<anonymous> (C:\Users\antho\Documents\DEV\Firstry\Backend\controllers\users.js:2:28)
    at Module._compile (node:internal/modules/cjs/loader:1254:14)
[2023-09-02T16:13:09.816Z] [31merror[39m: uncaughtException: Unexpected end of input
C:\Users\antho\Documents\DEV\Firstry\Backend\models\user.js:69



SyntaxError: Unexpected end of input
    at internalCompileFunction (node:internal/vm:73:18)
    at wrapSafe (node:internal/modules/cjs/loader:1176:20)
    at Module._compile (node:internal/modules/cjs/loader:1218:27)
    at Module._extensions..js (node:internal/modules/cjs/loader:1308:10)
    at Module.load (node:internal/modules/cjs/loader:1117:32)
    at Module._load (node:internal/modules/cjs/loader:958:12)
    at Module.require (node:internal/modules/cjs/loader:1141:19)
    at require (node:internal/modules/cjs/helpers:110:18)
    at Object.<anonymous> (C:\Users\antho\Documents\DEV\Firstry\Backend\controllers\users.js:2:28)
    at Module._compile (node:internal/modules/cjs/loader:1254:14)
[2023-09-02T16:13:09.816Z] [31merror[39m: uncaughtException: Unexpected end of input
C:\Users\antho\Documents\DEV\Firstry\Backend\models\user.js:69



SyntaxError: Unexpected end of input
    at internalCompileFunction (node:internal/vm:73:18)
    at wrapSafe (node:internal/modules/cjs/loader:1176:20)
    at Module._compile (node:internal/modules/cjs/loader:1218:27)
    at Module._extensions..js (node:internal/modules/cjs/loader:1308:10)
    at Module.load (node:internal/modules/cjs/loader:1117:32)
    at Module._load (node:internal/modules/cjs/loader:958:12)
    at Module.require (node:internal/modules/cjs/loader:1141:19)
    at require (node:internal/modules/cjs/helpers:110:18)
    at Object.<anonymous> (C:\Users\antho\Documents\DEV\Firstry\Backend\controllers\users.js:2:28)
    at Module._compile (node:internal/modules/cjs/loader:1254:14)
[2023-09-02T16:13:23.832Z] [31merror[39m: uncaughtException: Unexpected identifier
C:\Users\antho\Documents\DEV\Firstry\Backend\models\user.js:47
      return schema.validate(user);
             ^^^^^^

SyntaxError: Unexpected identifier
    at internalCompileFunction (node:internal/vm:73:18)
    at wrapSafe (node:internal/modules/cjs/loader:1176:20)
    at Module._compile (node:internal/modules/cjs/loader:1218:27)
    at Module._extensions..js (node:internal/modules/cjs/loader:1308:10)
    at Module.load (node:internal/modules/cjs/loader:1117:32)
    at Module._load (node:internal/modules/cjs/loader:958:12)
    at Module.require (node:internal/modules/cjs/loader:1141:19)
    at require (node:internal/modules/cjs/helpers:110:18)
    at Object.<anonymous> (C:\Users\antho\Documents\DEV\Firstry\Backend\controllers\users.js:2:28)
    at Module._compile (node:internal/modules/cjs/loader:1254:14)
[2023-09-02T16:13:23.832Z] [31merror[39m: uncaughtException: Unexpected identifier
C:\Users\antho\Documents\DEV\Firstry\Backend\models\user.js:47
      return schema.validate(user);
             ^^^^^^

SyntaxError: Unexpected identifier
    at internalCompileFunction (node:internal/vm:73:18)
    at wrapSafe (node:internal/modules/cjs/loader:1176:20)
    at Module._compile (node:internal/modules/cjs/loader:1218:27)
    at Module._extensions..js (node:internal/modules/cjs/loader:1308:10)
    at Module.load (node:internal/modules/cjs/loader:1117:32)
    at Module._load (node:internal/modules/cjs/loader:958:12)
    at Module.require (node:internal/modules/cjs/loader:1141:19)
    at require (node:internal/modules/cjs/helpers:110:18)
    at Object.<anonymous> (C:\Users\antho\Documents\DEV\Firstry\Backend\controllers\users.js:2:28)
    at Module._compile (node:internal/modules/cjs/loader:1254:14)
[2023-09-02T16:13:33.403Z] [31merror[39m: uncaughtException: Unexpected token '}'
C:\Users\antho\Documents\DEV\Firstry\Backend\models\user.js:69
};
^

SyntaxError: Unexpected token '}'
    at internalCompileFunction (node:internal/vm:73:18)
    at wrapSafe (node:internal/modules/cjs/loader:1176:20)
    at Module._compile (node:internal/modules/cjs/loader:1218:27)
    at Module._extensions..js (node:internal/modules/cjs/loader:1308:10)
    at Module.load (node:internal/modules/cjs/loader:1117:32)
    at Module._load (node:internal/modules/cjs/loader:958:12)
    at Module.require (node:internal/modules/cjs/loader:1141:19)
    at require (node:internal/modules/cjs/helpers:110:18)
    at Object.<anonymous> (C:\Users\antho\Documents\DEV\Firstry\Backend\controllers\users.js:2:28)
    at Module._compile (node:internal/modules/cjs/loader:1254:14)
[2023-09-02T16:13:33.403Z] [31merror[39m: uncaughtException: Unexpected token '}'
C:\Users\antho\Documents\DEV\Firstry\Backend\models\user.js:69
};
^

SyntaxError: Unexpected token '}'
    at internalCompileFunction (node:internal/vm:73:18)
    at wrapSafe (node:internal/modules/cjs/loader:1176:20)
    at Module._compile (node:internal/modules/cjs/loader:1218:27)
    at Module._extensions..js (node:internal/modules/cjs/loader:1308:10)
    at Module.load (node:internal/modules/cjs/loader:1117:32)
    at Module._load (node:internal/modules/cjs/loader:958:12)
    at Module.require (node:internal/modules/cjs/loader:1141:19)
    at require (node:internal/modules/cjs/helpers:110:18)
    at Object.<anonymous> (C:\Users\antho\Documents\DEV\Firstry\Backend\controllers\users.js:2:28)
    at Module._compile (node:internal/modules/cjs/loader:1254:14)
[2023-09-02T16:47:40.991Z] [31merror[39m: uncaughtException: Route.get() requires a callback function but got a [object Object]
Error: Route.get() requires a callback function but got a [object Object]
    at Route.<computed> [as get] (C:\Users\antho\Documents\DEV\Firstry\Backend\node_modules\express\lib\router\route.js:211:15)
    at proto.<computed> [as get] (C:\Users\antho\Documents\DEV\Firstry\Backend\node_modules\express\lib\router\index.js:521:19)
    at Object.<anonymous> (C:\Users\antho\Documents\DEV\Firstry\Backend\routes\users.js:12:8)
    at Module._compile (node:internal/modules/cjs/loader:1254:14)
    at Module._extensions..js (node:internal/modules/cjs/loader:1308:10)
    at Module.load (node:internal/modules/cjs/loader:1117:32)
    at Module._load (node:internal/modules/cjs/loader:958:12)
    at Module.require (node:internal/modules/cjs/loader:1141:19)
    at require (node:internal/modules/cjs/helpers:110:18)
    at Object.<anonymous> (C:\Users\antho\Documents\DEV\Firstry\Backend\routes\routes.js:4:15)
[2023-09-02T16:47:40.991Z] [31merror[39m: uncaughtException: Route.get() requires a callback function but got a [object Object]
Error: Route.get() requires a callback function but got a [object Object]
    at Route.<computed> [as get] (C:\Users\antho\Documents\DEV\Firstry\Backend\node_modules\express\lib\router\route.js:211:15)
    at proto.<computed> [as get] (C:\Users\antho\Documents\DEV\Firstry\Backend\node_modules\express\lib\router\index.js:521:19)
    at Object.<anonymous> (C:\Users\antho\Documents\DEV\Firstry\Backend\routes\users.js:12:8)
    at Module._compile (node:internal/modules/cjs/loader:1254:14)
    at Module._extensions..js (node:internal/modules/cjs/loader:1308:10)
    at Module.load (node:internal/modules/cjs/loader:1117:32)
    at Module._load (node:internal/modules/cjs/loader:958:12)
    at Module.require (node:internal/modules/cjs/loader:1141:19)
    at require (node:internal/modules/cjs/helpers:110:18)
    at Object.<anonymous> (C:\Users\antho\Documents\DEV\Firstry\Backend\routes\routes.js:4:15)
[2023-09-02T16:47:58.207Z] [31merror[39m: uncaughtException: Route.get() requires a callback function but got a [object Object]
Error: Route.get() requires a callback function but got a [object Object]
    at Route.<computed> [as get] (C:\Users\antho\Documents\DEV\Firstry\Backend\node_modules\express\lib\router\route.js:211:15)
    at proto.<computed> [as get] (C:\Users\antho\Documents\DEV\Firstry\Backend\node_modules\express\lib\router\index.js:521:19)
    at Object.<anonymous> (C:\Users\antho\Documents\DEV\Firstry\Backend\routes\users.js:12:8)
    at Module._compile (node:internal/modules/cjs/loader:1254:14)
    at Module._extensions..js (node:internal/modules/cjs/loader:1308:10)
    at Module.load (node:internal/modules/cjs/loader:1117:32)
    at Module._load (node:internal/modules/cjs/loader:958:12)
    at Module.require (node:internal/modules/cjs/loader:1141:19)
    at require (node:internal/modules/cjs/helpers:110:18)
    at Object.<anonymous> (C:\Users\antho\Documents\DEV\Firstry\Backend\routes\routes.js:4:15)
[2023-09-02T16:47:58.207Z] [31merror[39m: uncaughtException: Route.get() requires a callback function but got a [object Object]
Error: Route.get() requires a callback function but got a [object Object]
    at Route.<computed> [as get] (C:\Users\antho\Documents\DEV\Firstry\Backend\node_modules\express\lib\router\route.js:211:15)
    at proto.<computed> [as get] (C:\Users\antho\Documents\DEV\Firstry\Backend\node_modules\express\lib\router\index.js:521:19)
    at Object.<anonymous> (C:\Users\antho\Documents\DEV\Firstry\Backend\routes\users.js:12:8)
    at Module._compile (node:internal/modules/cjs/loader:1254:14)
    at Module._extensions..js (node:internal/modules/cjs/loader:1308:10)
    at Module.load (node:internal/modules/cjs/loader:1117:32)
    at Module._load (node:internal/modules/cjs/loader:958:12)
    at Module.require (node:internal/modules/cjs/loader:1141:19)
    at require (node:internal/modules/cjs/helpers:110:18)
    at Object.<anonymous> (C:\Users\antho\Documents\DEV\Firstry\Backend\routes\routes.js:4:15)
[2023-09-02T16:49:17.541Z] [31merror[39m: uncaughtException: Unexpected token ')'
C:\Users\antho\Documents\DEV\Firstry\Backend\middlewares\auth.js:20
  if (req.user.role === )
                        ^

SyntaxError: Unexpected token ')'
    at internalCompileFunction (node:internal/vm:73:18)
    at wrapSafe (node:internal/modules/cjs/loader:1176:20)
    at Module._compile (node:internal/modules/cjs/loader:1218:27)
    at Module._extensions..js (node:internal/modules/cjs/loader:1308:10)
    at Module.load (node:internal/modules/cjs/loader:1117:32)
    at Module._load (node:internal/modules/cjs/loader:958:12)
    at Module.require (node:internal/modules/cjs/loader:1141:19)
    at require (node:internal/modules/cjs/helpers:110:18)
    at Object.<anonymous> (C:\Users\antho\Documents\DEV\Firstry\Backend\routes\riders.js:3:14)
    at Module._compile (node:internal/modules/cjs/loader:1254:14)
[2023-09-02T16:49:17.541Z] [31merror[39m: uncaughtException: Unexpected token ')'
C:\Users\antho\Documents\DEV\Firstry\Backend\middlewares\auth.js:20
  if (req.user.role === )
                        ^

SyntaxError: Unexpected token ')'
    at internalCompileFunction (node:internal/vm:73:18)
    at wrapSafe (node:internal/modules/cjs/loader:1176:20)
    at Module._compile (node:internal/modules/cjs/loader:1218:27)
    at Module._extensions..js (node:internal/modules/cjs/loader:1308:10)
    at Module.load (node:internal/modules/cjs/loader:1117:32)
    at Module._load (node:internal/modules/cjs/loader:958:12)
    at Module.require (node:internal/modules/cjs/loader:1141:19)
    at require (node:internal/modules/cjs/helpers:110:18)
    at Object.<anonymous> (C:\Users\antho\Documents\DEV\Firstry\Backend\routes\riders.js:3:14)
    at Module._compile (node:internal/modules/cjs/loader:1254:14)
[2023-09-02T16:49:22.908Z] [31merror[39m: uncaughtException: Unexpected token '}'
C:\Users\antho\Documents\DEV\Firstry\Backend\middlewares\auth.js:21
};
^

SyntaxError: Unexpected token '}'
    at internalCompileFunction (node:internal/vm:73:18)
    at wrapSafe (node:internal/modules/cjs/loader:1176:20)
    at Module._compile (node:internal/modules/cjs/loader:1218:27)
    at Module._extensions..js (node:internal/modules/cjs/loader:1308:10)
    at Module.load (node:internal/modules/cjs/loader:1117:32)
    at Module._load (node:internal/modules/cjs/loader:958:12)
    at Module.require (node:internal/modules/cjs/loader:1141:19)
    at require (node:internal/modules/cjs/helpers:110:18)
    at Object.<anonymous> (C:\Users\antho\Documents\DEV\Firstry\Backend\routes\riders.js:3:14)
    at Module._compile (node:internal/modules/cjs/loader:1254:14)
[2023-09-02T16:49:22.908Z] [31merror[39m: uncaughtException: Unexpected token '}'
C:\Users\antho\Documents\DEV\Firstry\Backend\middlewares\auth.js:21
};
^

SyntaxError: Unexpected token '}'
    at internalCompileFunction (node:internal/vm:73:18)
    at wrapSafe (node:internal/modules/cjs/loader:1176:20)
    at Module._compile (node:internal/modules/cjs/loader:1218:27)
    at Module._extensions..js (node:internal/modules/cjs/loader:1308:10)
    at Module.load (node:internal/modules/cjs/loader:1117:32)
    at Module._load (node:internal/modules/cjs/loader:958:12)
    at Module.require (node:internal/modules/cjs/loader:1141:19)
    at require (node:internal/modules/cjs/helpers:110:18)
    at Object.<anonymous> (C:\Users\antho\Documents\DEV\Firstry\Backend\routes\riders.js:3:14)
    at Module._compile (node:internal/modules/cjs/loader:1254:14)
[2023-09-02T16:50:12.445Z] [31merror[39m: uncaughtException: missing ) after argument list
C:\Users\antho\Documents\DEV\Firstry\Backend\routes\riders.js:9
router.get("/", [Auth, isAdmin] riders.getAll);
                              ^

SyntaxError: missing ) after argument list
    at internalCompileFunction (node:internal/vm:73:18)
    at wrapSafe (node:internal/modules/cjs/loader:1176:20)
    at Module._compile (node:internal/modules/cjs/loader:1218:27)
    at Module._extensions..js (node:internal/modules/cjs/loader:1308:10)
    at Module.load (node:internal/modules/cjs/loader:1117:32)
    at Module._load (node:internal/modules/cjs/loader:958:12)
    at Module.require (node:internal/modules/cjs/loader:1141:19)
    at require (node:internal/modules/cjs/helpers:110:18)
    at Object.<anonymous> (C:\Users\antho\Documents\DEV\Firstry\Backend\routes\routes.js:1:16)
    at Module._compile (node:internal/modules/cjs/loader:1254:14)
[2023-09-02T16:50:12.445Z] [31merror[39m: uncaughtException: missing ) after argument list
C:\Users\antho\Documents\DEV\Firstry\Backend\routes\riders.js:9
router.get("/", [Auth, isAdmin] riders.getAll);
                              ^

SyntaxError: missing ) after argument list
    at internalCompileFunction (node:internal/vm:73:18)
    at wrapSafe (node:internal/modules/cjs/loader:1176:20)
    at Module._compile (node:internal/modules/cjs/loader:1218:27)
    at Module._extensions..js (node:internal/modules/cjs/loader:1308:10)
    at Module.load (node:internal/modules/cjs/loader:1117:32)
    at Module._load (node:internal/modules/cjs/loader:958:12)
    at Module.require (node:internal/modules/cjs/loader:1141:19)
    at require (node:internal/modules/cjs/helpers:110:18)
    at Object.<anonymous> (C:\Users\antho\Documents\DEV\Firstry\Backend\routes\routes.js:1:16)
    at Module._compile (node:internal/modules/cjs/loader:1254:14)
[2023-09-02T16:50:23.405Z] [31merror[39m: uncaughtException: missing ) after argument list
C:\Users\antho\Documents\DEV\Firstry\Backend\routes\riders.js:9
router.get("/", [auth, isAdmin] riders.getAll);
                              ^

SyntaxError: missing ) after argument list
    at internalCompileFunction (node:internal/vm:73:18)
    at wrapSafe (node:internal/modules/cjs/loader:1176:20)
    at Module._compile (node:internal/modules/cjs/loader:1218:27)
    at Module._extensions..js (node:internal/modules/cjs/loader:1308:10)
    at Module.load (node:internal/modules/cjs/loader:1117:32)
    at Module._load (node:internal/modules/cjs/loader:958:12)
    at Module.require (node:internal/modules/cjs/loader:1141:19)
    at require (node:internal/modules/cjs/helpers:110:18)
    at Object.<anonymous> (C:\Users\antho\Documents\DEV\Firstry\Backend\routes\routes.js:1:16)
    at Module._compile (node:internal/modules/cjs/loader:1254:14)
[2023-09-02T16:50:23.405Z] [31merror[39m: uncaughtException: missing ) after argument list
C:\Users\antho\Documents\DEV\Firstry\Backend\routes\riders.js:9
router.get("/", [auth, isAdmin] riders.getAll);
                              ^

SyntaxError: missing ) after argument list
    at internalCompileFunction (node:internal/vm:73:18)
    at wrapSafe (node:internal/modules/cjs/loader:1176:20)
    at Module._compile (node:internal/modules/cjs/loader:1218:27)
    at Module._extensions..js (node:internal/modules/cjs/loader:1308:10)
    at Module.load (node:internal/modules/cjs/loader:1117:32)
    at Module._load (node:internal/modules/cjs/loader:958:12)
    at Module.require (node:internal/modules/cjs/loader:1141:19)
    at require (node:internal/modules/cjs/helpers:110:18)
    at Object.<anonymous> (C:\Users\antho\Documents\DEV\Firstry\Backend\routes\routes.js:1:16)
    at Module._compile (node:internal/modules/cjs/loader:1254:14)
